<?xml version="1.0" encoding="UTF-8"?>
<!-- Generated by org.testng.reporters.JUnitReportReporter -->
<testsuite skipped="0" hostname="BLRM-300069257" name="request.SecondRequest" tests="1" failures="0" timestamp="2020-01-28T14:43:49 IST" time="1.513" errors="0">
  <testcase name="postData" time="1.513" classname="request.SecondRequest"/>
</testsuite> <!-- request.SecondRequest -->
