<?xml version="1.0" encoding="UTF-8"?>
<!-- Generated by org.testng.reporters.JUnitReportReporter -->
<testsuite skipped="1" hostname="BLRM-300069257" name="libraryTest.BookDetails" tests="3" failures="0" timestamp="2020-04-10T14:46:34 IST" time="1.185" errors="0">
  <testcase name="postMethod" time="1.063" classname="libraryTest.BookDetails"/>
  <testcase name="postMethod" time="0.122" classname="libraryTest.BookDetails"/>
  <testcase name="getMethod" classname="libraryTest.BookDetails">
    <skipped/>
  </testcase> <!-- getMethod -->
</testsuite> <!-- libraryTest.BookDetails -->
