<?xml version="1.0" encoding="UTF-8"?>
<!-- Generated by org.testng.reporters.JUnitReportReporter -->
<testsuite skipped="1" hostname="BLRM-300069257" name="request.FirstRequest" tests="2" failures="0" timestamp="2020-01-15T19:27:49 IST" time="2.161" errors="0">
  <testcase name="testResponceCode" time="2.161" classname="request.FirstRequest"/>
  <testcase name="testBody" classname="request.FirstRequest">
    <skipped/>
  </testcase> <!-- testBody -->
</testsuite> <!-- request.FirstRequest -->
