<?xml version="1.0" encoding="UTF-8"?>
<!-- Generated by org.testng.reporters.JUnitReportReporter -->
<testsuite skipped="0" hostname="BLRM-300069257" name="Scenarios.TestScenario" tests="3" failures="0" timestamp="2020-05-13T20:55:05 IST" time="1.463" errors="0">
  <testcase name="testScenario" time="0.989" classname="Scenarios.TestScenario"/>
  <system-out/>
  <testcase name="testScenario" time="0.231" classname="Scenarios.TestScenario"/>
  <system-out/>
  <testcase name="testScenario" time="0.243" classname="Scenarios.TestScenario"/>
  <system-out/>
</testsuite> <!-- Scenarios.TestScenario -->
