<?xml version="1.0" encoding="UTF-8"?>
<!-- Generated by org.testng.reporters.JUnitReportReporter -->
<testsuite skipped="1" hostname="BLRM-300069257" name="libraryTest.BookDetails" tests="2" failures="0" timestamp="2020-05-13T18:06:02 IST" time="1.219" errors="0">
  <testcase name="postMethod" time="1.219" classname="libraryTest.BookDetails"/>
  <system-out/>
  <testcase name="getMethod" classname="libraryTest.BookDetails">
    <skipped/>
  </testcase> <!-- getMethod -->
  <system-out/>
</testsuite> <!-- libraryTest.BookDetails -->
